#
# There is insufficient memory for the Java Runtime Environment to continue.
# Native memory allocation (malloc) failed to allocate 1796096 bytes. Error detail: Chunk::new
# Possible reasons:
#   The system is out of physical RAM or swap space
#   This process is running with CompressedOops enabled, and the Java Heap may be blocking the growth of the native heap
# Possible solutions:
#   Reduce memory load on the system
#   Increase physical memory or swap space
#   Check if swap backing store is full
#   Decrease Java heap size (-Xmx/-Xms)
#   Decrease number of Java threads
#   Decrease Java thread stack sizes (-Xss)
#   Set larger code cache with -XX:ReservedCodeCacheSize=
#   JVM is running with Unscaled Compressed Oops mode in which the Java heap is
#     placed in the first 4GB address space. The Java Heap base address is the
#     maximum limit for the native heap growth. Please use -XX:HeapBaseMinAddress
#     to set the Java Heap base and to place the Java Heap above 4GB virtual address.
# This output file may be truncated or incomplete.
#
#  Out of Memory Error (arena.cpp:150), pid=27112, tid=33956
#
# JRE version: Java(TM) SE Runtime Environment (22.0.1+8) (build 22.0.1+8-16)
# Java VM: Java HotSpot(TM) 64-Bit Server VM (22.0.1+8-16, mixed mode, sharing, tiered, compressed oops, compressed class ptrs, g1 gc, windows-amd64)
# No core dump will be written. Minidumps are not enabled by default on client versions of Windows
#

---------------  S U M M A R Y ------------

Command Line: -agentlib:jdwp=transport=dt_socket,address=127.0.0.1:51583,suspend=y,server=n -javaagent:C:\Users\aduzo\AppData\Local\JetBrains\IdeaIC2024.1\captureAgent\debugger-agent.jar -Dfile.encoding=UTF-8 -Dsun.stdout.encoding=UTF-8 -Dsun.stderr.encoding=UTF-8 com.codedecode.userinfo.UserInformationApplication

Host: 12th Gen Intel(R) Core(TM) i5-1235U, 12 cores, 7G,  Windows 11 , 64 bit Build 22621 (10.0.22621.3958)
Time: Fri Sep 20 17:36:11 2024 W. Europe Daylight Time elapsed time: 11.463465 seconds (0d 0h 0m 11s)

---------------  T H R E A D  ---------------

Current thread (0x000001ba828a8ea0):  JavaThread "C2 CompilerThread0" daemon [_thread_in_native, id=33956, stack(0x0000006063600000,0x0000006063700000) (1024K)]


Current CompileTask:
C2:11463 6343   !   4       org.springframework.util.ReflectionUtils::doWithMethods (186 bytes)

Stack: [0x0000006063600000,0x0000006063700000]
Native frames: (J=compiled Java code, j=interpreted, Vv=VM code, C=native code)
V  [jvm.dll+0x6e2279]  (no source info available)
V  [jvm.dll+0x874e33]  (no source info available)
V  [jvm.dll+0x87725e]  (no source info available)
V  [jvm.dll+0x877933]  (no source info available)
V  [jvm.dll+0x27fd76]  (no source info available)
V  [jvm.dll+0xc3d0f]  (no source info available)
V  [jvm.dll+0xc3f6b]  (no source info available)
V  [jvm.dll+0x3bb10c]  (no source info available)
V  [jvm.dll+0x1df67c]  (no source info available)
V  [jvm.dll+0x247a5c]  (no source info available)
V  [jvm.dll+0x246fbf]  (no source info available)
V  [jvm.dll+0x1c4e90]  (no source info available)
V  [jvm.dll+0x2569fe]  (no source info available)
V  [jvm.dll+0x254cba]  (no source info available)
V  [jvm.dll+0x3f5336]  (no source info available)
V  [jvm.dll+0x81d44b]  (no source info available)
V  [jvm.dll+0x6e0915]  (no source info available)
C  [ucrtbase.dll+0x29333]  (no source info available)
C  [KERNEL32.DLL+0x1257d]  (no source info available)
C  [ntdll.dll+0x5af28]  (no source info available)


---------------  P R O C E S S  ---------------

Threads class SMR info:
_java_thread_list=0x000001baceefb4c0, length=38, elements={
0x000001ba82898ab0, 0x000001ba828997d0, 0x000001ba828a1e30, 0x000001ba828a3040,
0x000001ba828a5e80, 0x000001ba828a8500, 0x000001ba828a8ea0, 0x000001ba828b36a0,
0x000001ba8299bd10, 0x000001ba82a672e0, 0x000001ba82a681b0, 0x000001ba82adf290,
0x000001ba82a8cc10, 0x000001bacbad3800, 0x000001ba82aedf60, 0x000001ba82bada30,
0x000001baca24d020, 0x000001bacbaa2a10, 0x000001bacc45a460, 0x000001bacec4f1a0,
0x000001bac84f4960, 0x000001bacef8ecc0, 0x000001bacef8f350, 0x000001bacef90700,
0x000001bacef8f9e0, 0x000001bacef90070, 0x000001bacef8e630, 0x000001bacef90d90,
0x000001bacef8dfa0, 0x000001bacd3b7960, 0x000001bacd3b3e50, 0x000001bacd3b44e0,
0x000001bacd3b7ff0, 0x000001bacd3b5f20, 0x000001bacd3b6c40, 0x000001bacd3b1060,
0x000001bacd3b2aa0, 0x000001bacd3b1d80
}

Java Threads: ( => current thread )
  0x000001ba82898ab0 JavaThread "Reference Handler"          daemon [_thread_blocked, id=28940, stack(0x0000006063000000,0x0000006063100000) (1024K)]
  0x000001ba828997d0 JavaThread "Finalizer"                  daemon [_thread_blocked, id=18932, stack(0x0000006063100000,0x0000006063200000) (1024K)]
  0x000001ba828a1e30 JavaThread "Signal Dispatcher"          daemon [_thread_blocked, id=16712, stack(0x0000006063200000,0x0000006063300000) (1024K)]
  0x000001ba828a3040 JavaThread "Attach Listener"            daemon [_thread_blocked, id=27420, stack(0x0000006063300000,0x0000006063400000) (1024K)]
  0x000001ba828a5e80 JavaThread "Service Thread"             daemon [_thread_blocked, id=30912, stack(0x0000006063400000,0x0000006063500000) (1024K)]
  0x000001ba828a8500 JavaThread "Monitor Deflation Thread"   daemon [_thread_blocked, id=27168, stack(0x0000006063500000,0x0000006063600000) (1024K)]
=>0x000001ba828a8ea0 JavaThread "C2 CompilerThread0"         daemon [_thread_in_native, id=33956, stack(0x0000006063600000,0x0000006063700000) (1024K)]
  0x000001ba828b36a0 JavaThread "C1 CompilerThread0"         daemon [_thread_blocked, id=26008, stack(0x0000006063700000,0x0000006063800000) (1024K)]
  0x000001ba8299bd10 JavaThread "Common-Cleaner"             daemon [_thread_blocked, id=27152, stack(0x0000006063800000,0x0000006063900000) (1024K)]
  0x000001ba82a672e0 JavaThread "JDWP Transport Listener: dt_socket" daemon [_thread_blocked, id=21568, stack(0x0000006063900000,0x0000006063a00000) (1024K)]
  0x000001ba82a681b0 JavaThread "JDWP Event Helper Thread"   daemon [_thread_blocked, id=33384, stack(0x0000006063a00000,0x0000006063b00000) (1024K)]
  0x000001ba82adf290 JavaThread "JDWP Command Reader"        daemon [_thread_in_native, id=15156, stack(0x0000006063b00000,0x0000006063c00000) (1024K)]
  0x000001ba82a8cc10 JavaThread "Notification Thread"        daemon [_thread_blocked, id=9016, stack(0x0000006063c00000,0x0000006063d00000) (1024K)]
  0x000001bacbad3800 JavaThread "Catalina-utility-1"                [_thread_blocked, id=33308, stack(0x0000006064800000,0x0000006064900000) (1024K)]
  0x000001ba82aedf60 JavaThread "Catalina-utility-2"                [_thread_blocked, id=12752, stack(0x0000006064900000,0x0000006064a00000) (1024K)]
  0x000001ba82bada30 JavaThread "container-0"                       [_thread_blocked, id=25332, stack(0x0000006064a00000,0x0000006064b00000) (1024K)]
  0x000001baca24d020 JavaThread "mysql-cj-abandoned-connection-cleanup" daemon [_thread_blocked, id=23756, stack(0x0000006064b00000,0x0000006064c00000) (1024K)]
  0x000001bacbaa2a10 JavaThread "HikariPool-1 housekeeper"   daemon [_thread_blocked, id=752, stack(0x0000006064d00000,0x0000006064e00000) (1024K)]
  0x000001bacc45a460 JavaThread "HikariPool-1 connection adder" daemon [_thread_blocked, id=28728, stack(0x0000006064e00000,0x0000006064f00000) (1024K)]
  0x000001bacec4f1a0 JavaThread "spring.cloud.inetutils"     daemon [_thread_blocked, id=32752, stack(0x0000006064f00000,0x0000006065000000) (1024K)]
  0x000001bac84f4960 JavaThread "spectator-gauge-polling-0"  daemon [_thread_blocked, id=31528, stack(0x0000006065000000,0x0000006065100000) (1024K)]
  0x000001bacef8ecc0 JavaThread "AsyncResolver-bootstrap-%d" daemon [_thread_blocked, id=33636, stack(0x0000006065100000,0x0000006065200000) (1024K)]
  0x000001bacef8f350 JavaThread "DiscoveryClient-%d"         daemon [_thread_blocked, id=2800, stack(0x0000006065200000,0x0000006065300000) (1024K)]
  0x000001bacef90700 JavaThread "DiscoveryClient-%d"         daemon [_thread_blocked, id=30272, stack(0x0000006065300000,0x0000006065400000) (1024K)]
  0x000001bacef8f9e0 JavaThread "DiscoveryClient-InstanceInfoReplicator-%d" daemon [_thread_blocked, id=9604, stack(0x0000006065400000,0x0000006065500000) (1024K)]
  0x000001bacef90070 JavaThread "http-nio-9093-exec-1"       daemon [_thread_blocked, id=27360, stack(0x0000006065500000,0x0000006065600000) (1024K)]
  0x000001bacef8e630 JavaThread "http-nio-9093-exec-2"       daemon [_thread_blocked, id=34364, stack(0x0000006065600000,0x0000006065700000) (1024K)]
  0x000001bacef90d90 JavaThread "http-nio-9093-exec-3"       daemon [_thread_blocked, id=25768, stack(0x0000006065700000,0x0000006065800000) (1024K)]
  0x000001bacef8dfa0 JavaThread "http-nio-9093-exec-4"       daemon [_thread_blocked, id=16936, stack(0x0000006065800000,0x0000006065900000) (1024K)]
  0x000001bacd3b7960 JavaThread "http-nio-9093-exec-5"       daemon [_thread_blocked, id=26336, stack(0x0000006065900000,0x0000006065a00000) (1024K)]
  0x000001bacd3b3e50 JavaThread "http-nio-9093-exec-6"       daemon [_thread_blocked, id=32112, stack(0x0000006065a00000,0x0000006065b00000) (1024K)]
  0x000001bacd3b44e0 JavaThread "http-nio-9093-exec-7"       daemon [_thread_blocked, id=11592, stack(0x0000006065b00000,0x0000006065c00000) (1024K)]
  0x000001bacd3b7ff0 JavaThread "http-nio-9093-exec-8"       daemon [_thread_blocked, id=9808, stack(0x0000006065c00000,0x0000006065d00000) (1024K)]
  0x000001bacd3b5f20 JavaThread "http-nio-9093-exec-9"       daemon [_thread_blocked, id=32172, stack(0x0000006065d00000,0x0000006065e00000) (1024K)]
  0x000001bacd3b6c40 JavaThread "http-nio-9093-exec-10"      daemon [_thread_blocked, id=34296, stack(0x0000006065e00000,0x0000006065f00000) (1024K)]
  0x000001bacd3b1060 JavaThread "http-nio-9093-Poller"       daemon [_thread_in_native, id=20856, stack(0x0000006065f00000,0x0000006066000000) (1024K)]
  0x000001bacd3b2aa0 JavaThread "http-nio-9093-Acceptor"     daemon [_thread_in_native, id=6616, stack(0x0000006066000000,0x0000006066100000) (1024K)]
  0x000001bacd3b1d80 JavaThread "DestroyJavaVM"                     [_thread_blocked, id=33240, stack(0x0000006062800000,0x0000006062900000) (1024K)]
Total: 38

Other Threads:
  0x000001baffcdd870 VMThread "VM Thread"                           [id=32640, stack(0x0000006062f00000,0x0000006063000000) (1024K)]
  0x000001baffcc1670 WatcherThread "VM Periodic Task Thread"        [id=32680, stack(0x0000006062e00000,0x0000006062f00000) (1024K)]
  0x000001bae5c36450 WorkerThread "GC Thread#0"                     [id=22852, stack(0x0000006062900000,0x0000006062a00000) (1024K)]
  0x000001bac89beb70 WorkerThread "GC Thread#1"                     [id=16368, stack(0x0000006063d00000,0x0000006063e00000) (1024K)]
  0x000001bac8675d90 WorkerThread "GC Thread#2"                     [id=23800, stack(0x0000006063e00000,0x0000006063f00000) (1024K)]
  0x000001bac8ae81e0 WorkerThread "GC Thread#3"                     [id=29036, stack(0x0000006063f00000,0x0000006064000000) (1024K)]
  0x000001bac8ae8590 WorkerThread "GC Thread#4"                     [id=28484, stack(0x0000006064000000,0x0000006064100000) (1024K)]
  0x000001bac8ae9160 WorkerThread "GC Thread#5"                     [id=6672, stack(0x0000006064100000,0x0000006064200000) (1024K)]
  0x000001bac8aea540 WorkerThread "GC Thread#6"                     [id=17668, stack(0x0000006064200000,0x0000006064300000) (1024K)]
  0x000001bac8aee900 WorkerThread "GC Thread#7"                     [id=30632, stack(0x0000006064300000,0x0000006064400000) (1024K)]
  0x000001bac8aef8d0 WorkerThread "GC Thread#8"                     [id=30108, stack(0x0000006064400000,0x0000006064500000) (1024K)]
  0x000001bac8af0090 WorkerThread "GC Thread#9"                     [id=23536, stack(0x0000006064500000,0x0000006064600000) (1024K)]
  0x000001bae5c43170 ConcurrentGCThread "G1 Main Marker"            [id=12044, stack(0x0000006062a00000,0x0000006062b00000) (1024K)]
  0x000001bae5c43c80 WorkerThread "G1 Conc#0"                       [id=12788, stack(0x0000006062b00000,0x0000006062c00000) (1024K)]
  0x000001bacb81c0c0 WorkerThread "G1 Conc#1"                       [id=34232, stack(0x0000006064600000,0x0000006064700000) (1024K)]
  0x000001bacb246a60 WorkerThread "G1 Conc#2"                       [id=24504, stack(0x0000006064700000,0x0000006064800000) (1024K)]
  0x000001baffb8dfa0 ConcurrentGCThread "G1 Refine#0"               [id=24744, stack(0x0000006062c00000,0x0000006062d00000) (1024K)]
  0x000001baffb8eb20 ConcurrentGCThread "G1 Service"                [id=33928, stack(0x0000006062d00000,0x0000006062e00000) (1024K)]
Total: 18

Threads with active compile tasks:
C2 CompilerThread0  11577 6343   !   4       org.springframework.util.ReflectionUtils::doWithMethods (186 bytes)
Total: 1

VM state: not at safepoint (normal execution)

VM Mutex/Monitor currently owned by a thread: None

Heap address: 0x0000000084400000, size: 1980 MB, Compressed Oops mode: 32-bit

CDS archive(s) mapped at: [0x000001ba83000000-0x000001ba83c60000-0x000001ba83c60000), size 12976128, SharedBaseAddress: 0x000001ba83000000, ArchiveRelocationMode: 1.
Compressed class space mapped at: 0x000001ba84000000-0x000001bac4000000, reserved size: 1073741824
Narrow klass base: 0x000001ba83000000, Narrow klass shift: 0, Narrow klass range: 0x41000000

GC Precious Log:
 CardTable entry size: 512
 Card Set container configuration: InlinePtr #cards 5 size 8 Array Of Cards #cards 12 size 40 Howl #buckets 4 coarsen threshold 1843 Howl Bitmap #cards 512 size 80 coarsen threshold 460 Card regions per heap region 1 cards per card region 2048
 CPUs: 12 total, 12 available
 Memory: 7916M
 Large Page Support: Disabled
 NUMA Support: Disabled
 Compressed Oops: Enabled (32-bit)
 Heap Region Size: 1M
 Heap Min Capacity: 8M
 Heap Initial Capacity: 124M
 Heap Max Capacity: 1980M
 Pre-touch: Disabled
 Parallel Workers: 10
 Concurrent Workers: 3
 Concurrent Refinement Workers: 10
 Periodic GC: Disabled

Heap:
 garbage-first heap   total reserved 2027520K, committed 72704K, used 46173K [0x0000000084400000, 0x0000000100000000)
  region size 1024K, 15 young (15360K), 4 survivors (4096K)
 Metaspace       used 73467K, committed 74176K, reserved 1114112K
  class space    used 10046K, committed 10368K, reserved 1048576K

Heap Regions: E=young(eden), S=young(survivor), O=old, HS=humongous(starts), HC=humongous(continues), CS=collection set, F=free, TAMS=top-at-mark-start, PB=parsable bottom
|   0|0x0000000084400000, 0x0000000084500000, 0x0000000084500000|100%|HS|  |TAMS 0x0000000084400000| PB 0x0000000084400000| Complete |  0
|   1|0x0000000084500000, 0x0000000084600000, 0x0000000084600000|100%|HS|  |TAMS 0x0000000084500000| PB 0x0000000084500000| Complete |  0
|   2|0x0000000084600000, 0x0000000084700000, 0x0000000084700000|100%| O|  |TAMS 0x0000000084600000| PB 0x0000000084600000| Untracked |  0
|   3|0x0000000084700000, 0x0000000084800000, 0x0000000084800000|100%| O|  |TAMS 0x0000000084700000| PB 0x0000000084700000| Untracked |  0
|   4|0x0000000084800000, 0x0000000084900000, 0x0000000084900000|100%| O|  |TAMS 0x0000000084800000| PB 0x0000000084800000| Untracked |  0
|   5|0x0000000084900000, 0x0000000084a00000, 0x0000000084a00000|100%| O|  |TAMS 0x0000000084900000| PB 0x0000000084900000| Untracked |  0
|   6|0x0000000084a00000, 0x0000000084b00000, 0x0000000084b00000|100%| O|  |TAMS 0x0000000084a00000| PB 0x0000000084a00000| Untracked |  0
|   7|0x0000000084b00000, 0x0000000084c00000, 0x0000000084c00000|100%| O|  |TAMS 0x0000000084b00000| PB 0x0000000084b00000| Untracked |  0
|   8|0x0000000084c00000, 0x0000000084d00000, 0x0000000084d00000|100%| O|  |TAMS 0x0000000084c00000| PB 0x0000000084c00000| Untracked |  0
|   9|0x0000000084d00000, 0x0000000084e00000, 0x0000000084e00000|100%| O|  |TAMS 0x0000000084d00000| PB 0x0000000084d00000| Untracked |  0
|  10|0x0000000084e00000, 0x0000000084f00000, 0x0000000084f00000|100%| O|  |TAMS 0x0000000084e00000| PB 0x0000000084e00000| Untracked |  0
|  11|0x0000000084f00000, 0x0000000085000000, 0x0000000085000000|100%| O|  |TAMS 0x0000000084f00000| PB 0x0000000084f00000| Untracked |  0
|  12|0x0000000085000000, 0x0000000085100000, 0x0000000085100000|100%| O|  |TAMS 0x0000000085000000| PB 0x0000000085000000| Untracked |  0
|  13|0x0000000085100000, 0x0000000085200000, 0x0000000085200000|100%| O|  |TAMS 0x0000000085100000| PB 0x0000000085100000| Untracked |  0
|  14|0x0000000085200000, 0x0000000085300000, 0x0000000085300000|100%| O|  |TAMS 0x0000000085200000| PB 0x0000000085200000| Untracked |  0
|  15|0x0000000085300000, 0x0000000085400000, 0x0000000085400000|100%| O|  |TAMS 0x0000000085300000| PB 0x0000000085300000| Untracked |  0
|  16|0x0000000085400000, 0x0000000085500000, 0x0000000085500000|100%| O|  |TAMS 0x0000000085400000| PB 0x0000000085400000| Untracked |  0
|  17|0x0000000085500000, 0x0000000085600000, 0x0000000085600000|100%| O|  |TAMS 0x0000000085500000| PB 0x0000000085500000| Untracked |  0
|  18|0x0000000085600000, 0x0000000085700000, 0x0000000085700000|100%| O|  |TAMS 0x0000000085600000| PB 0x0000000085600000| Untracked |  0
|  19|0x0000000085700000, 0x0000000085800000, 0x0000000085800000|100%| O|  |TAMS 0x0000000085700000| PB 0x0000000085700000| Untracked |  0
|  20|0x0000000085800000, 0x0000000085900000, 0x0000000085900000|100%| O|  |TAMS 0x0000000085800000| PB 0x0000000085800000| Untracked |  0
|  21|0x0000000085900000, 0x0000000085a00000, 0x0000000085a00000|100%| O|  |TAMS 0x0000000085900000| PB 0x0000000085900000| Untracked |  0
|  22|0x0000000085a00000, 0x0000000085b00000, 0x0000000085b00000|100%| O|  |TAMS 0x0000000085a00000| PB 0x0000000085a00000| Untracked |  0
|  23|0x0000000085b00000, 0x0000000085c00000, 0x0000000085c00000|100%| O|  |TAMS 0x0000000085b00000| PB 0x0000000085b00000| Untracked |  0
|  24|0x0000000085c00000, 0x0000000085d00000, 0x0000000085d00000|100%| O|  |TAMS 0x0000000085c00000| PB 0x0000000085c00000| Untracked |  0
|  25|0x0000000085d00000, 0x0000000085e00000, 0x0000000085e00000|100%| O|  |TAMS 0x0000000085d00000| PB 0x0000000085d00000| Untracked |  0
|  26|0x0000000085e00000, 0x0000000085f00000, 0x0000000085f00000|100%| O|  |TAMS 0x0000000085e00000| PB 0x0000000085e00000| Untracked |  0
|  27|0x0000000085f00000, 0x0000000086000000, 0x0000000086000000|100%| O|  |TAMS 0x0000000085f00000| PB 0x0000000085f00000| Untracked |  0
|  28|0x0000000086000000, 0x000000008607c300, 0x0000000086100000| 48%| O|  |TAMS 0x0000000086000000| PB 0x0000000086000000| Untracked |  0
|  29|0x0000000086100000, 0x0000000086100000, 0x0000000086200000|  0%| F|  |TAMS 0x0000000086100000| PB 0x0000000086100000| Untracked |  0
|  30|0x0000000086200000, 0x000000008629b4f8, 0x0000000086300000| 60%| S|CS|TAMS 0x0000000086200000| PB 0x0000000086200000| Complete |  0
|  31|0x0000000086300000, 0x0000000086300000, 0x0000000086400000|  0%| F|  |TAMS 0x0000000086300000| PB 0x0000000086300000| Untracked |  0
|  32|0x0000000086400000, 0x0000000086400000, 0x0000000086500000|  0%| F|  |TAMS 0x0000000086400000| PB 0x0000000086400000| Untracked |  0
|  33|0x0000000086500000, 0x0000000086500000, 0x0000000086600000|  0%| F|  |TAMS 0x0000000086500000| PB 0x0000000086500000| Untracked |  0
|  34|0x0000000086600000, 0x0000000086600000, 0x0000000086700000|  0%| F|  |TAMS 0x0000000086600000| PB 0x0000000086600000| Untracked |  0
|  35|0x0000000086700000, 0x0000000086700000, 0x0000000086800000|  0%| F|  |TAMS 0x0000000086700000| PB 0x0000000086700000| Untracked |  0
|  36|0x0000000086800000, 0x0000000086900000, 0x0000000086900000|100%| S|CS|TAMS 0x0000000086800000| PB 0x0000000086800000| Complete |  0
|  37|0x0000000086900000, 0x0000000086a00000, 0x0000000086a00000|100%| S|CS|TAMS 0x0000000086900000| PB 0x0000000086900000| Complete |  0
|  38|0x0000000086a00000, 0x0000000086b00000, 0x0000000086b00000|100%| S|CS|TAMS 0x0000000086a00000| PB 0x0000000086a00000| Complete |  0
|  39|0x0000000086b00000, 0x0000000086b00000, 0x0000000086c00000|  0%| F|  |TAMS 0x0000000086b00000| PB 0x0000000086b00000| Untracked |  0
|  40|0x0000000086c00000, 0x0000000086c00000, 0x0000000086d00000|  0%| F|  |TAMS 0x0000000086c00000| PB 0x0000000086c00000| Untracked |  0
|  41|0x0000000086d00000, 0x0000000086d00000, 0x0000000086e00000|  0%| F|  |TAMS 0x0000000086d00000| PB 0x0000000086d00000| Untracked |  0
|  42|0x0000000086e00000, 0x0000000086e00000, 0x0000000086f00000|  0%| F|  |TAMS 0x0000000086e00000| PB 0x0000000086e00000| Untracked |  0
|  43|0x0000000086f00000, 0x0000000086f00000, 0x0000000087000000|  0%| F|  |TAMS 0x0000000086f00000| PB 0x0000000086f00000| Untracked |  0
|  44|0x0000000087000000, 0x0000000087000000, 0x0000000087100000|  0%| F|  |TAMS 0x0000000087000000| PB 0x0000000087000000| Untracked |  0
|  45|0x0000000087100000, 0x0000000087100000, 0x0000000087200000|  0%| F|  |TAMS 0x0000000087100000| PB 0x0000000087100000| Untracked |  0
|  46|0x0000000087200000, 0x0000000087200000, 0x0000000087300000|  0%| F|  |TAMS 0x0000000087200000| PB 0x0000000087200000| Untracked |  0
|  47|0x0000000087300000, 0x0000000087300000, 0x0000000087400000|  0%| F|  |TAMS 0x0000000087300000| PB 0x0000000087300000| Untracked |  0
|  48|0x0000000087400000, 0x0000000087400000, 0x0000000087500000|  0%| F|  |TAMS 0x0000000087400000| PB 0x0000000087400000| Untracked |  0
|  49|0x0000000087500000, 0x0000000087500000, 0x0000000087600000|  0%| F|  |TAMS 0x0000000087500000| PB 0x0000000087500000| Untracked |  0
|  50|0x0000000087600000, 0x0000000087600000, 0x0000000087700000|  0%| F|  |TAMS 0x0000000087600000| PB 0x0000000087600000| Untracked |  0
|  51|0x0000000087700000, 0x0000000087700000, 0x0000000087800000|  0%| F|  |TAMS 0x0000000087700000| PB 0x0000000087700000| Untracked |  0
|  52|0x0000000087800000, 0x0000000087800000, 0x0000000087900000|  0%| F|  |TAMS 0x0000000087800000| PB 0x0000000087800000| Untracked |  0
|  53|0x0000000087900000, 0x0000000087900000, 0x0000000087a00000|  0%| F|  |TAMS 0x0000000087900000| PB 0x0000000087900000| Untracked |  0
|  54|0x0000000087a00000, 0x0000000087a00000, 0x0000000087b00000|  0%| F|  |TAMS 0x0000000087a00000| PB 0x0000000087a00000| Untracked |  0
|  55|0x0000000087b00000, 0x0000000087b00000, 0x0000000087c00000|  0%| F|  |TAMS 0x0000000087b00000| PB 0x0000000087b00000| Untracked |  0
|  56|0x0000000087c00000, 0x0000000087c00000, 0x0000000087d00000|  0%| F|  |TAMS 0x0000000087c00000| PB 0x0000000087c00000| Untracked |  0
|  57|0x0000000087d00000, 0x0000000087d1aa70, 0x0000000087e00000| 10%| E|  |TAMS 0x0000000087d00000| PB 0x0000000087d00000| Complete |  0
|  58|0x0000000087e00000, 0x0000000087f00000, 0x0000000087f00000|100%| E|CS|TAMS 0x0000000087e00000| PB 0x0000000087e00000| Complete |  0
|  59|0x0000000087f00000, 0x0000000088000000, 0x0000000088000000|100%| E|CS|TAMS 0x0000000087f00000| PB 0x0000000087f00000| Complete |  0
|  60|0x0000000088000000, 0x0000000088100000, 0x0000000088100000|100%| E|CS|TAMS 0x0000000088000000| PB 0x0000000088000000| Complete |  0
|  70|0x0000000088a00000, 0x0000000088b00000, 0x0000000088b00000|100%| E|CS|TAMS 0x0000000088a00000| PB 0x0000000088a00000| Complete |  0
|  71|0x0000000088b00000, 0x0000000088c00000, 0x0000000088c00000|100%| E|CS|TAMS 0x0000000088b00000| PB 0x0000000088b00000| Complete |  0
|  72|0x0000000088c00000, 0x0000000088d00000, 0x0000000088d00000|100%| E|CS|TAMS 0x0000000088c00000| PB 0x0000000088c00000| Complete |  0
|  73|0x0000000088d00000, 0x0000000088e00000, 0x0000000088e00000|100%| E|CS|TAMS 0x0000000088d00000| PB 0x0000000088d00000| Complete |  0
|  74|0x0000000088e00000, 0x0000000088f00000, 0x0000000088f00000|100%| E|CS|TAMS 0x0000000088e00000| PB 0x0000000088e00000| Complete |  0
|  75|0x0000000088f00000, 0x0000000089000000, 0x0000000089000000|100%| E|CS|TAMS 0x0000000088f00000| PB 0x0000000088f00000| Complete |  0
| 123|0x000000008bf00000, 0x000000008c000000, 0x000000008c000000|100%| E|CS|TAMS 0x000000008bf00000| PB 0x000000008bf00000| Complete |  0
|1977|0x00000000ffd00000, 0x00000000ffe00000, 0x00000000ffe00000|100%| O|  |TAMS 0x00000000ffd00000| PB 0x00000000ffd00000| Untracked |  0
|1978|0x00000000ffe00000, 0x00000000fff00000, 0x00000000fff00000|100%| O|  |TAMS 0x00000000ffe00000| PB 0x00000000ffe00000| Untracked |  0
|1979|0x00000000fff00000, 0x0000000100000000, 0x0000000100000000|100%| O|  |TAMS 0x00000000fff00000| PB 0x00000000fff00000| Untracked |  0

Card table byte_map: [0x000001bafd810000,0x000001bafdbf0000] _byte_map_base: 0x000001bafd3ee000

Marking Bits: (CMBitMap*) 0x000001bae5c36b60
 Bits: [0x000001bafdbf0000, 0x000001baffae0000)

Polling page: 0x000001bae3b40000

Metaspace:

Usage:
  Non-class:     61.93 MB used.
      Class:      9.81 MB used.
       Both:     71.75 MB used.

Virtual space:
  Non-class space:       64.00 MB reserved,      62.31 MB ( 97%) committed,  1 nodes.
      Class space:        1.00 GB reserved,      10.12 MB ( <1%) committed,  1 nodes.
             Both:        1.06 GB reserved,      72.44 MB (  7%) committed. 

Chunk freelists:
   Non-Class:  1.62 MB
       Class:  5.89 MB
        Both:  7.51 MB

MaxMetaspaceSize: unlimited
CompressedClassSpaceSize: 1.00 GB
Initial GC threshold: 21.00 MB
Current GC threshold: 98.12 MB
CDS: on
 - commit_granule_bytes: 65536.
 - commit_granule_words: 8192.
 - virtual_space_node_default_size: 8388608.
 - enlarge_chunks_in_place: 1.
 - use_allocation_guard: 0.


Internal statistics:

num_allocs_failed_limit: 9.
num_arena_births: 1062.
num_arena_deaths: 0.
num_vsnodes_births: 2.
num_vsnodes_deaths: 0.
num_space_committed: 1159.
num_space_uncommitted: 0.
num_chunks_returned_to_freelist: 9.
num_chunks_taken_from_freelist: 3578.
num_chunk_merges: 9.
num_chunk_splits: 2577.
num_chunks_enlarged: 2004.
num_inconsistent_stats: 0.

CodeHeap 'non-profiled nmethods': size=120000Kb used=3487Kb max_used=3487Kb free=116512Kb
 bounds [0x000001baf59b0000, 0x000001baf5d20000, 0x000001bafcee0000]
CodeHeap 'profiled nmethods': size=120000Kb used=11489Kb max_used=11489Kb free=108510Kb
 bounds [0x000001baedee0000, 0x000001baeea20000, 0x000001baf5410000]
CodeHeap 'non-nmethods': size=5760Kb used=1812Kb max_used=1845Kb free=3948Kb
 bounds [0x000001baf5410000, 0x000001baf5680000, 0x000001baf59b0000]
 total_blobs=6610 nmethods=5848 adapters=665
 compilation: enabled
              stopped_count=0, restarted_count=0
 full_count=0

Compilation events (20 events):
Event: 11.307 Thread 0x000001ba828b36a0 6539       2       org.springframework.boot.autoconfigure.condition.ConditionEvaluationReport$$Lambda/0x000001ba84a16340::accept (16 bytes)
Event: 11.309 Thread 0x000001ba828b36a0 nmethod 6539 0x000001baeea0bc10 code [0x000001baeea0bea0, 0x000001baeea0c610]
Event: 11.309 Thread 0x000001ba828b36a0 6540       2       org.springframework.boot.autoconfigure.condition.ConditionEvaluationReport::lambda$getConditionAndOutcomesBySource$1 (13 bytes)
Event: 11.309 Thread 0x000001ba828b36a0 nmethod 6540 0x000001baeea0cc90 code [0x000001baeea0cf20, 0x000001baeea0d5f0]
Event: 11.312 Thread 0x000001ba828b36a0 6542       2       org.springframework.context.event.GenericApplicationListenerAdapter::resolveDeclaredEventType (57 bytes)
Event: 11.312 Thread 0x000001ba828b36a0 nmethod 6542 0x000001baeea0dc10 code [0x000001baeea0de00, 0x000001baeea0e160]
Event: 11.313 Thread 0x000001ba828b36a0 6543       3       org.springframework.beans.factory.support.AbstractBeanFactory::isTypeMatch (745 bytes)
Event: 11.318 Thread 0x000001ba828b36a0 nmethod 6543 0x000001baeea0e310 code [0x000001baeea0eb20, 0x000001baeea14600]
Event: 11.318 Thread 0x000001ba828b36a0 6544       2       org.springframework.context.event.AbstractApplicationEventMulticaster::supportsEvent (56 bytes)
Event: 11.319 Thread 0x000001ba828b36a0 nmethod 6544 0x000001baeea16090 code [0x000001baeea16280, 0x000001baeea16720]
Event: 11.319 Thread 0x000001ba828b36a0 6545       2       org.springframework.context.event.GenericApplicationListenerAdapter::<init> (27 bytes)
Event: 11.319 Thread 0x000001ba828b36a0 nmethod 6545 0x000001baeea16910 code [0x000001baeea16ae0, 0x000001baeea16da0]
Event: 11.319 Thread 0x000001ba828b36a0 6546       2       org.springframework.context.event.GenericApplicationListenerAdapter::resolveDeclaredEventType (41 bytes)
Event: 11.319 Thread 0x000001ba828b36a0 nmethod 6546 0x000001baeea16f10 code [0x000001baeea170e0, 0x000001baeea17320]
Event: 11.320 Thread 0x000001ba828b36a0 6547       2       java.util.TimSort::countRunAndMakeAscending (128 bytes)
Event: 11.320 Thread 0x000001ba828b36a0 nmethod 6547 0x000001baeea17490 code [0x000001baeea17680, 0x000001baeea17a88]
Event: 11.320 Thread 0x000001ba828b36a0 6548       2       org.springframework.core.OrderComparator::getOrder (111 bytes)
Event: 11.321 Thread 0x000001ba828b36a0 nmethod 6548 0x000001baeea17d10 code [0x000001baeea17f20, 0x000001baeea182d8]
Event: 11.358 Thread 0x000001ba828b36a0 6549       1       java.time.Instant::getEpochSecond (5 bytes)
Event: 11.358 Thread 0x000001ba828b36a0 nmethod 6549 0x000001baf5d17990 code [0x000001baf5d17b20, 0x000001baf5d17be8]

GC Heap History (20 events):
Event: 5.379 GC heap before
{Heap before GC invocations=5 (full 0):
 garbage-first heap   total reserved 2027520K, committed 60416K, used 46051K [0x0000000084400000, 0x0000000100000000)
  region size 1024K, 34 young (34816K), 6 survivors (6144K)
 Metaspace       used 29597K, committed 30080K, reserved 1114112K
  class space    used 3815K, committed 4032K, reserved 1048576K
}
Event: 5.392 GC heap after
{Heap after GC invocations=6 (full 0):
 garbage-first heap   total reserved 2027520K, committed 60416K, used 19767K [0x0000000084400000, 0x0000000100000000)
  region size 1024K, 5 young (5120K), 5 survivors (5120K)
 Metaspace       used 29597K, committed 30080K, reserved 1114112K
  class space    used 3815K, committed 4032K, reserved 1048576K
}
Event: 6.109 GC heap before
{Heap before GC invocations=6 (full 0):
 garbage-first heap   total reserved 2027520K, committed 60416K, used 49463K [0x0000000084400000, 0x0000000100000000)
  region size 1024K, 33 young (33792K), 5 survivors (5120K)
 Metaspace       used 34146K, committed 34688K, reserved 1114112K
  class space    used 4419K, committed 4672K, reserved 1048576K
}
Event: 6.114 GC heap after
{Heap after GC invocations=7 (full 0):
 garbage-first heap   total reserved 2027520K, committed 60416K, used 22288K [0x0000000084400000, 0x0000000100000000)
  region size 1024K, 5 young (5120K), 5 survivors (5120K)
 Metaspace       used 34146K, committed 34688K, reserved 1114112K
  class space    used 4419K, committed 4672K, reserved 1048576K
}
Event: 6.278 GC heap before
{Heap before GC invocations=7 (full 0):
 garbage-first heap   total reserved 2027520K, committed 60416K, used 27408K [0x0000000084400000, 0x0000000100000000)
  region size 1024K, 11 young (11264K), 5 survivors (5120K)
 Metaspace       used 35470K, committed 35968K, reserved 1114112K
  class space    used 4602K, committed 4864K, reserved 1048576K
}
Event: 6.282 GC heap after
{Heap after GC invocations=8 (full 0):
 garbage-first heap   total reserved 2027520K, committed 60416K, used 23257K [0x0000000084400000, 0x0000000100000000)
  region size 1024K, 1 young (1024K), 1 survivors (1024K)
 Metaspace       used 35470K, committed 35968K, reserved 1114112K
  class space    used 4602K, committed 4864K, reserved 1048576K
}
Event: 6.829 GC heap before
{Heap before GC invocations=9 (full 0):
 garbage-first heap   total reserved 2027520K, committed 60416K, used 51929K [0x0000000084400000, 0x0000000100000000)
  region size 1024K, 29 young (29696K), 1 survivors (1024K)
 Metaspace       used 42250K, committed 42816K, reserved 1114112K
  class space    used 5624K, committed 5888K, reserved 1048576K
}
Event: 6.832 GC heap after
{Heap after GC invocations=10 (full 0):
 garbage-first heap   total reserved 2027520K, committed 60416K, used 24355K [0x0000000084400000, 0x0000000100000000)
  region size 1024K, 3 young (3072K), 3 survivors (3072K)
 Metaspace       used 42250K, committed 42816K, reserved 1114112K
  class space    used 5624K, committed 5888K, reserved 1048576K
}
Event: 7.743 GC heap before
{Heap before GC invocations=10 (full 0):
 garbage-first heap   total reserved 2027520K, committed 60416K, used 50979K [0x0000000084400000, 0x0000000100000000)
  region size 1024K, 30 young (30720K), 3 survivors (3072K)
 Metaspace       used 50986K, committed 51520K, reserved 1114112K
  class space    used 6764K, committed 6976K, reserved 1048576K
}
Event: 7.748 GC heap after
{Heap after GC invocations=11 (full 0):
 garbage-first heap   total reserved 2027520K, committed 60416K, used 26274K [0x0000000084400000, 0x0000000100000000)
  region size 1024K, 4 young (4096K), 4 survivors (4096K)
 Metaspace       used 50986K, committed 51520K, reserved 1114112K
  class space    used 6764K, committed 6976K, reserved 1048576K
}
Event: 8.911 GC heap before
{Heap before GC invocations=11 (full 0):
 garbage-first heap   total reserved 2027520K, committed 60416K, used 50850K [0x0000000084400000, 0x0000000100000000)
  region size 1024K, 29 young (29696K), 4 survivors (4096K)
 Metaspace       used 57759K, committed 58368K, reserved 1114112K
  class space    used 7787K, committed 8064K, reserved 1048576K
}
Event: 8.915 GC heap after
{Heap after GC invocations=12 (full 0):
 garbage-first heap   total reserved 2027520K, committed 60416K, used 27703K [0x0000000084400000, 0x0000000100000000)
  region size 1024K, 4 young (4096K), 4 survivors (4096K)
 Metaspace       used 57759K, committed 58368K, reserved 1114112K
  class space    used 7787K, committed 8064K, reserved 1048576K
}
Event: 9.038 GC heap before
{Heap before GC invocations=12 (full 0):
 garbage-first heap   total reserved 2027520K, committed 60416K, used 33847K [0x0000000084400000, 0x0000000100000000)
  region size 1024K, 12 young (12288K), 4 survivors (4096K)
 Metaspace       used 59526K, committed 60096K, reserved 1114112K
  class space    used 8059K, committed 8320K, reserved 1048576K
}
Event: 9.042 GC heap after
{Heap after GC invocations=13 (full 0):
 garbage-first heap   total reserved 2027520K, committed 60416K, used 28031K [0x0000000084400000, 0x0000000100000000)
  region size 1024K, 2 young (2048K), 2 survivors (2048K)
 Metaspace       used 59526K, committed 60096K, reserved 1114112K
  class space    used 8059K, committed 8320K, reserved 1048576K
}
Event: 9.525 GC heap before
{Heap before GC invocations=14 (full 0):
 garbage-first heap   total reserved 2027520K, committed 60416K, used 52607K [0x0000000084400000, 0x0000000100000000)
  region size 1024K, 27 young (27648K), 2 survivors (2048K)
 Metaspace       used 64085K, committed 64768K, reserved 1114112K
  class space    used 8721K, committed 9024K, reserved 1048576K
}
Event: 9.528 GC heap after
{Heap after GC invocations=15 (full 0):
 garbage-first heap   total reserved 2027520K, committed 72704K, used 30085K [0x0000000084400000, 0x0000000100000000)
  region size 1024K, 4 young (4096K), 4 survivors (4096K)
 Metaspace       used 64085K, committed 64768K, reserved 1114112K
  class space    used 8721K, committed 9024K, reserved 1048576K
}
Event: 10.500 GC heap before
{Heap before GC invocations=15 (full 0):
 garbage-first heap   total reserved 2027520K, committed 72704K, used 62853K [0x0000000084400000, 0x0000000100000000)
  region size 1024K, 36 young (36864K), 4 survivors (4096K)
 Metaspace       used 67571K, committed 68352K, reserved 1114112K
  class space    used 9194K, committed 9536K, reserved 1048576K
}
Event: 10.506 GC heap after
{Heap after GC invocations=16 (full 0):
 garbage-first heap   total reserved 2027520K, committed 72704K, used 32190K [0x0000000084400000, 0x0000000100000000)
  region size 1024K, 5 young (5120K), 5 survivors (5120K)
 Metaspace       used 67571K, committed 68352K, reserved 1114112K
  class space    used 9194K, committed 9536K, reserved 1048576K
}
Event: 11.051 GC heap before
{Heap before GC invocations=16 (full 0):
 garbage-first heap   total reserved 2027520K, committed 72704K, used 61886K [0x0000000084400000, 0x0000000100000000)
  region size 1024K, 34 young (34816K), 5 survivors (5120K)
 Metaspace       used 71477K, committed 72192K, reserved 1114112K
  class space    used 9774K, committed 10112K, reserved 1048576K
}
Event: 11.057 GC heap after
{Heap after GC invocations=17 (full 0):
 garbage-first heap   total reserved 2027520K, committed 72704K, used 35933K [0x0000000084400000, 0x0000000100000000)
  region size 1024K, 4 young (4096K), 4 survivors (4096K)
 Metaspace       used 71477K, committed 72192K, reserved 1114112K
  class space    used 9774K, committed 10112K, reserved 1048576K
}

Dll operation events (14 events):
Event: 0.043 Loaded shared library C:\Program Files\Java\jdk-22\bin\java.dll
Event: 0.045 Loaded shared library C:\Program Files\Java\jdk-22\bin\zip.dll
Event: 0.075 Loaded shared library C:\Program Files\Java\jdk-22\bin\jsvml.dll
Event: 1.182 Loaded shared library C:\Program Files\Java\jdk-22\bin\instrument.dll
Event: 1.257 Loaded shared library C:\Program Files\Java\jdk-22\bin\net.dll
Event: 1.258 Loaded shared library C:\Program Files\Java\jdk-22\bin\nio.dll
Event: 1.268 Loaded shared library C:\Program Files\Java\jdk-22\bin\zip.dll
Event: 1.821 Loaded shared library C:\Program Files\Java\jdk-22\bin\jimage.dll
Event: 3.185 Loaded shared library C:\Program Files\Java\jdk-22\bin\le.dll
Event: 3.885 Loaded shared library C:\Program Files\Java\jdk-22\bin\sunmscapi.dll
Event: 5.823 Loaded shared library C:\Program Files\Java\jdk-22\bin\management.dll
Event: 5.826 Loaded shared library C:\Program Files\Java\jdk-22\bin\management_ext.dll
Event: 6.480 Loaded shared library C:\Program Files\Java\jdk-22\bin\verify.dll
Event: 6.821 Loaded shared library C:\Program Files\Java\jdk-22\bin\extnet.dll

Deoptimization events (20 events):
Event: 11.040 Thread 0x000001bae5bdebb0 DEOPT PACKING pc=0x000001baf5b66320 sp=0x00000060628fa900
Event: 11.040 Thread 0x000001bae5bdebb0 DEOPT UNPACKING pc=0x000001baf54646a2 sp=0x00000060628fa8d8 mode 2
Event: 11.154 Thread 0x000001bae5bdebb0 Uncommon trap: trap_request=0xffffffde fr.pc=0x000001baf5c7d84c relative=0x0000000000000a6c
Event: 11.154 Thread 0x000001bae5bdebb0 Uncommon trap: reason=class_check action=maybe_recompile pc=0x000001baf5c7d84c method=java.util.zip.InflaterInputStream.read([BII)I @ 78 c2
Event: 11.154 Thread 0x000001bae5bdebb0 DEOPT PACKING pc=0x000001baf5c7d84c sp=0x00000060628fc3f0
Event: 11.154 Thread 0x000001bae5bdebb0 DEOPT UNPACKING pc=0x000001baf54646a2 sp=0x00000060628fc3e0 mode 2
Event: 11.205 Thread 0x000001bae5bdebb0 Uncommon trap: trap_request=0xffffffde fr.pc=0x000001baf5c7d84c relative=0x0000000000000a6c
Event: 11.205 Thread 0x000001bae5bdebb0 Uncommon trap: reason=class_check action=maybe_recompile pc=0x000001baf5c7d84c method=java.util.zip.InflaterInputStream.read([BII)I @ 78 c2
Event: 11.205 Thread 0x000001bae5bdebb0 DEOPT PACKING pc=0x000001baf5c7d84c sp=0x00000060628fb290
Event: 11.205 Thread 0x000001bae5bdebb0 DEOPT UNPACKING pc=0x000001baf54646a2 sp=0x00000060628fb280 mode 2
Event: 11.242 Thread 0x000001bae5bdebb0 DEOPT PACKING pc=0x000001baee994b49 sp=0x00000060628fe310
Event: 11.242 Thread 0x000001bae5bdebb0 DEOPT UNPACKING pc=0x000001baf5464e42 sp=0x00000060628fd780 mode 0
Event: 11.246 Thread 0x000001bacef8f9e0 DEOPT PACKING pc=0x000001baee80fc0d sp=0x00000060654fe3b0
Event: 11.246 Thread 0x000001bacef8f9e0 DEOPT UNPACKING pc=0x000001baf5464e42 sp=0x00000060654fd838 mode 0
Event: 11.266 Thread 0x000001bae5bdebb0 DEOPT PACKING pc=0x000001baee8809a4 sp=0x00000060628fd5f0
Event: 11.266 Thread 0x000001bae5bdebb0 DEOPT UNPACKING pc=0x000001baf5464e42 sp=0x00000060628fcb08 mode 1
Event: 11.308 Thread 0x000001bae5bdebb0 Uncommon trap: trap_request=0xffffff45 fr.pc=0x000001baf5cc449c relative=0x000000000000063c
Event: 11.308 Thread 0x000001bae5bdebb0 Uncommon trap: reason=unstable_if action=reinterpret pc=0x000001baf5cc449c method=org.springframework.beans.factory.support.AbstractBeanFactory.isTypeMatch(Ljava/lang/String;Lorg/springframework/core/ResolvableType;Z)Z @ 719 c2
Event: 11.308 Thread 0x000001bae5bdebb0 DEOPT PACKING pc=0x000001baf5cc449c sp=0x00000060628fe3d0
Event: 11.308 Thread 0x000001bae5bdebb0 DEOPT UNPACKING pc=0x000001baf54646a2 sp=0x00000060628fe4b0 mode 2

Classes loaded (20 events):
Event: 11.314 Loading class org/springframework/boot/SpringApplication$FactoryAwareOrderSourceProvider
Event: 11.314 Loading class org/springframework/boot/SpringApplication$FactoryAwareOrderSourceProvider done
Event: 11.315 Loading class java/util/IdentityHashMap$KeySpliterator
Event: 11.316 Loading class java/util/IdentityHashMap$IdentityHashMapSpliterator
Event: 11.316 Loading class java/util/IdentityHashMap$IdentityHashMapSpliterator done
Event: 11.316 Loading class java/util/IdentityHashMap$KeySpliterator done
Event: 11.317 Loading class org/springframework/boot/SpringApplication
Event: 11.317 Loading class org/springframework/boot/SpringApplication done
Event: 11.317 Loading class org/springframework/boot/ApplicationArguments
Event: 11.317 Loading class org/springframework/boot/ApplicationArguments done
Event: 11.317 Loading class org/springframework/boot/Runner
Event: 11.317 Loading class org/springframework/boot/Runner done
Event: 11.317 Loading class org/springframework/context/ConfigurableApplicationContext
Event: 11.317 Loading class org/springframework/context/ConfigurableApplicationContext done
Event: 11.317 Loading class org/springframework/context/ConfigurableApplicationContext
Event: 11.317 Loading class org/springframework/context/ConfigurableApplicationContext done
Event: 11.319 Loading class org/springframework/cloud/loadbalancer/support/LoadBalancerClientFactory
Event: 11.319 Loading class org/springframework/cloud/loadbalancer/support/LoadBalancerClientFactory done
Event: 11.319 Loading class org/springframework/cloud/client/loadbalancer/reactive/ReactiveLoadBalancer
Event: 11.319 Loading class org/springframework/cloud/client/loadbalancer/reactive/ReactiveLoadBalancer done

Classes unloaded (0 events):
No events

Classes redefined (0 events):
No events

Internal exceptions (20 events):
Event: 9.319 Thread 0x000001bae5bdebb0 Exception <a 'java/lang/IncompatibleClassChangeError'{0x0000000086bac228}: Found class java.lang.Object, but interface was expected> (0x0000000086bac228) 
thrown [s\open\src\hotspot\share\interpreter\linkResolver.cpp, line 841]
Event: 9.447 Thread 0x000001bae5bdebb0 Exception <a 'java/lang/IncompatibleClassChangeError'{0x000000008648a848}: Found class java.lang.Object, but interface was expected> (0x000000008648a848) 
thrown [s\open\src\hotspot\share\interpreter\linkResolver.cpp, line 841]
Event: 9.533 Thread 0x000001bae5bdebb0 Exception <a 'java/lang/NoSuchMethodError'{0x000000008bf35e88}: 'java.lang.Object java.lang.invoke.DirectMethodHandle$Holder.newInvokeSpecial(java.lang.Object, java.lang.Object, java.lang.Object, java.lang.Object, java.lang.Object, java.lang.Object, java.lang.Object, java.lang.Object)'> (0x000000008bf35e88) 
thrown [s\open\src\hotspot\share\interpreter\linkResolver.cpp, line 774]
Event: 9.695 Thread 0x000001bae5bdebb0 Exception <a 'java/lang/NoSuchMethodError'{0x0000000088a4a7e8}: 'void java.lang.invoke.DelegatingMethodHandle$Holder.reinvoke_L(java.lang.Object, java.lang.Object, int, java.lang.Object)'> (0x0000000088a4a7e8) 
thrown [s\open\src\hotspot\share\interpreter\linkResolver.cpp, line 774]
Event: 9.847 Thread 0x000001bae5bdebb0 Exception <a 'java/lang/IncompatibleClassChangeError'{0x0000000087aa06f8}: Found class java.lang.Object, but interface was expected> (0x0000000087aa06f8) 
thrown [s\open\src\hotspot\share\interpreter\linkResolver.cpp, line 841]
Event: 9.893 Thread 0x000001bae5bdebb0 Exception <a 'java/lang/NoSuchMethodError'{0x000000008785d3f8}: 'void java.lang.invoke.DirectMethodHandle$Holder.invokeVirtual(java.lang.Object, java.lang.Object, long)'> (0x000000008785d3f8) 
thrown [s\open\src\hotspot\share\interpreter\linkResolver.cpp, line 774]
Event: 9.976 Thread 0x000001bae5bdebb0 Exception <a 'java/lang/NoSuchMethodError'{0x0000000087405758}: 'int java.lang.invoke.DirectMethodHandle$Holder.invokeStaticInit(java.lang.Object, java.lang.Object, java.lang.Object, java.lang.Object)'> (0x0000000087405758) 
thrown [s\open\src\hotspot\share\interpreter\linkResolver.cpp, line 774]
Event: 10.019 Thread 0x000001bae5bdebb0 Exception <a 'java/lang/IncompatibleClassChangeError'{0x000000008734cd38}: Found class java.lang.Object, but interface was expected> (0x000000008734cd38) 
thrown [s\open\src\hotspot\share\interpreter\linkResolver.cpp, line 841]
Event: 10.030 Thread 0x000001bae5bdebb0 Implicit null exception at 0x000001baf5b32e68 to 0x000001baf5b3311c
Event: 10.438 Thread 0x000001bae5bdebb0 Exception <a 'java/lang/NoSuchMethodError'{0x0000000086c77b50}: 'void java.lang.invoke.Invokers$Holder.invokeExact_MT(java.lang.Object, java.lang.Object, int, java.lang.Object)'> (0x0000000086c77b50) 
thrown [s\open\src\hotspot\share\interpreter\linkResolver.cpp, line 774]
Event: 10.590 Thread 0x000001bae5bdebb0 Exception <a 'java/lang/NoSuchMethodError'{0x0000000088a3fda0}: 'java.lang.Object java.lang.invoke.DirectMethodHandle$Holder.newInvokeSpecial(java.lang.Object, java.lang.Object, int, java.lang.Object, java.lang.Object)'> (0x0000000088a3fda0) 
thrown [s\open\src\hotspot\share\interpreter\linkResolver.cpp, line 774]
Event: 10.607 Thread 0x000001bae5bdebb0 Exception <a 'java/lang/NoSuchMethodError'{0x0000000088af1008}: 'java.lang.Object java.lang.invoke.DirectMethodHandle$Holder.invokeVirtual(java.lang.Object, java.lang.Object, java.lang.Object, java.lang.Object, java.lang.Object, java.lang.Object, java.lang.Object)'> (0x0000000088af1008) 
thrown [s\open\src\hotspot\share\interpreter\linkResolver.cpp, line 774]
Event: 10.632 Thread 0x000001bae5bdebb0 Exception <a 'java/lang/NoSuchMethodError'{0x0000000087f090d0}: 'double java.lang.invoke.DirectMethodHandle$Holder.invokeVirtual(java.lang.Object, java.lang.Object)'> (0x0000000087f090d0) 
thrown [s\open\src\hotspot\share\interpreter\linkResolver.cpp, line 774]
Event: 11.203 Thread 0x000001bae5bdebb0 Exception <a 'java/lang/NoSuchMethodError'{0x0000000088da8df8}: 'long java.lang.invoke.DirectMethodHandle$Holder.invokeStatic(java.lang.Object, java.lang.Object, int)'> (0x0000000088da8df8) 
thrown [s\open\src\hotspot\share\interpreter\linkResolver.cpp, line 774]
Event: 11.203 Thread 0x000001bae5bdebb0 Exception <a 'java/lang/NoSuchMethodError'{0x0000000088db3908}: 'java.lang.Object java.lang.invoke.DelegatingMethodHandle$Holder.reinvoke_L(java.lang.Object, int, int, long, java.lang.Object, long, long, long)'> (0x0000000088db3908) 
thrown [s\open\src\hotspot\share\interpreter\linkResolver.cpp, line 774]
Event: 11.206 Thread 0x000001bae5bdebb0 Exception <a 'java/lang/NoSuchMethodError'{0x0000000088dd75d8}: 'java.lang.Object java.lang.invoke.DelegatingMethodHandle$Holder.reinvoke_L(java.lang.Object, java.lang.Object, java.lang.Object, java.lang.Object, java.lang.Object, java.lang.Object, java.lang.Object, java.lang.Object, java.lang.Object, java.lang.Object, java.lang.Object, java.lang.Object, java.lang.Object, java.lang.Object, int, java.lang.Object, java.lang.Object, java.lang.Object, java.lang.Object, java.lang.Object, java.lang.Object, java.l
Event: 11.210 Thread 0x000001bae5bdebb0 Exception <a 'java/lang/NoSuchMethodError'{0x0000000088c32bd8}: 'java.lang.Object java.lang.invoke.DirectMethodHandle$Holder.invokeStatic(java.lang.Object, java.lang.Object, java.lang.Object, java.lang.Object, java.lang.Object, java.lang.Object, java.lang.Object, java.lang.Object, java.lang.Object, java.lang.Object, java.lang.Object, java.lang.Object, java.lang.Object)'> (0x0000000088c32bd8) 
thrown [s\open\src\hotspot\share\interpreter\linkResolver.cpp, line 774]
Event: 11.211 Thread 0x000001bae5bdebb0 Exception <a 'java/lang/NoSuchMethodError'{0x0000000088c54990}: 'java.lang.Object java.lang.invoke.DirectMethodHandle$Holder.invokeStatic(java.lang.Object, java.lang.Object, java.lang.Object, java.lang.Object, java.lang.Object, java.lang.Object, java.lang.Object, java.lang.Object, java.lang.Object, java.lang.Object, java.lang.Object, java.lang.Object, java.lang.Object, java.lang.Object)'> (0x0000000088c54990) 
thrown [s\open\src\hotspot\share\interpreter\linkResolver.cpp, line 774]
Event: 11.211 Thread 0x000001bae5bdebb0 Exception <a 'java/lang/NoSuchMethodError'{0x0000000088c6a6f8}: 'java.lang.Object java.lang.invoke.DelegatingMethodHandle$Holder.reinvoke_L(java.lang.Object, java.lang.Object, java.lang.Object, java.lang.Object, java.lang.Object, java.lang.Object, java.lang.Object, java.lang.Object, java.lang.Object, java.lang.Object, java.lang.Object, java.lang.Object, java.lang.Object, java.lang.Object, java.lang.Object, java.lang.Object, java.lang.Object, java.lang.Object, java.lang.Object, java.lang.Object, java.lang.O
Event: 11.292 Thread 0x000001bacef8f9e0 Exception <a 'java/lang/NoSuchMethodError'{0x0000000087e17068}: 'long java.lang.invoke.DelegatingMethodHandle$Holder.reinvoke_L(java.lang.Object, java.lang.Object)'> (0x0000000087e17068) 
thrown [s\open\src\hotspot\share\interpreter\linkResolver.cpp, line 774]

ZGC Phase Switch (0 events):
No events

VM Operations (20 events):
Event: 9.677 Executing VM operation: HandshakeAllThreads (Deoptimize)
Event: 9.677 Executing VM operation: HandshakeAllThreads (Deoptimize) done
Event: 9.924 Executing VM operation: HandshakeAllThreads (Deoptimize)
Event: 9.925 Executing VM operation: HandshakeAllThreads (Deoptimize) done
Event: 10.447 Executing VM operation: ICBufferFull
Event: 10.447 Executing VM operation: ICBufferFull done
Event: 10.481 Executing VM operation: HandshakeAllThreads (Deoptimize)
Event: 10.481 Executing VM operation: HandshakeAllThreads (Deoptimize) done
Event: 10.500 Executing VM operation: G1CollectForAllocation (G1 Evacuation Pause)
Event: 10.506 Executing VM operation: G1CollectForAllocation (G1 Evacuation Pause) done
Event: 10.684 Executing VM operation: HandshakeAllThreads (Deoptimize)
Event: 10.684 Executing VM operation: HandshakeAllThreads (Deoptimize) done
Event: 10.928 Executing VM operation: HandshakeAllThreads (Deoptimize)
Event: 10.928 Executing VM operation: HandshakeAllThreads (Deoptimize) done
Event: 11.051 Executing VM operation: G1CollectForAllocation (G1 Evacuation Pause)
Event: 11.057 Executing VM operation: G1CollectForAllocation (G1 Evacuation Pause) done
Event: 11.087 Executing VM operation: HandshakeAllThreads (Deoptimize)
Event: 11.087 Executing VM operation: HandshakeAllThreads (Deoptimize) done
Event: 11.088 Executing VM operation: HandshakeAllThreads (Deoptimize)
Event: 11.088 Executing VM operation: HandshakeAllThreads (Deoptimize) done

Events (20 events):
Event: 10.445 Thread 0x000001bacec4f1a0 Thread added: 0x000001bacec4f1a0
Event: 10.636 Thread 0x000001bac84f4960 Thread added: 0x000001bac84f4960
Event: 10.661 Thread 0x000001bacef8ecc0 Thread added: 0x000001bacef8ecc0
Event: 11.228 Thread 0x000001bacef8f350 Thread added: 0x000001bacef8f350
Event: 11.228 Thread 0x000001bacef90700 Thread added: 0x000001bacef90700
Event: 11.231 Thread 0x000001bacef8f9e0 Thread added: 0x000001bacef8f9e0
Event: 11.255 Thread 0x000001bacef90070 Thread added: 0x000001bacef90070
Event: 11.256 Thread 0x000001bacef8e630 Thread added: 0x000001bacef8e630
Event: 11.256 Thread 0x000001bacef90d90 Thread added: 0x000001bacef90d90
Event: 11.256 Thread 0x000001bacef8dfa0 Thread added: 0x000001bacef8dfa0
Event: 11.256 Thread 0x000001bacd3b7960 Thread added: 0x000001bacd3b7960
Event: 11.256 Thread 0x000001bacd3b3e50 Thread added: 0x000001bacd3b3e50
Event: 11.257 Thread 0x000001bacd3b44e0 Thread added: 0x000001bacd3b44e0
Event: 11.257 Thread 0x000001bacd3b7ff0 Thread added: 0x000001bacd3b7ff0
Event: 11.257 Thread 0x000001bacd3b5f20 Thread added: 0x000001bacd3b5f20
Event: 11.257 Thread 0x000001bacd3b6c40 Thread added: 0x000001bacd3b6c40
Event: 11.279 Thread 0x000001bacd3b1060 Thread added: 0x000001bacd3b1060
Event: 11.281 Thread 0x000001bacd3b2aa0 Thread added: 0x000001bacd3b2aa0
Event: 11.320 Thread 0x000001bae5bdebb0 Thread exited: 0x000001bae5bdebb0
Event: 11.320 Thread 0x000001bacd3b1d80 Thread added: 0x000001bacd3b1d80


Dynamic libraries:
0x00007ff6a7b60000 - 0x00007ff6a7b70000 	C:\Program Files\Java\jdk-22\bin\java.exe
0x00007ffea2430000 - 0x00007ffea2647000 	C:\Windows\SYSTEM32\ntdll.dll
0x00007ffea0160000 - 0x00007ffea0224000 	C:\Windows\System32\KERNEL32.DLL
0x00007ffe9fdb0000 - 0x00007ffea015d000 	C:\Windows\System32\KERNELBASE.dll
0x0000000059a80000 - 0x0000000059db2000 	C:\Program Files\Norton Security\NortonData\22.23.10.10\Definitions\IPSDefs\20240919.064\IPSEng64.dll
0x00007ffea0e00000 - 0x00007ffea0eb2000 	C:\Windows\System32\ADVAPI32.dll
0x00007ffea1ad0000 - 0x00007ffea1b77000 	C:\Windows\System32\msvcrt.dll
0x00007ffea09c0000 - 0x00007ffea0a69000 	C:\Windows\System32\sechost.dll
0x00007ffe9fb30000 - 0x00007ffe9fb58000 	C:\Windows\System32\bcrypt.dll
0x00007ffea0490000 - 0x00007ffea05a4000 	C:\Windows\System32\RPCRT4.dll
0x00007ffea1680000 - 0x00007ffea1688000 	C:\Windows\System32\PSAPI.DLL
0x00007ffe9f960000 - 0x00007ffe9fa71000 	C:\Windows\System32\ucrtbase.dll
0x00007ffe913e0000 - 0x00007ffe913f7000 	C:\Program Files\Java\jdk-22\bin\jli.dll
0x00007ffea0810000 - 0x00007ffea09be000 	C:\Windows\System32\USER32.dll
0x00007ffe9fa80000 - 0x00007ffe9faa6000 	C:\Windows\System32\win32u.dll
0x00007ffe74430000 - 0x00007ffe7444b000 	C:\Program Files\Java\jdk-22\bin\VCRUNTIME140.dll
0x00007ffe75580000 - 0x00007ffe75813000 	C:\Windows\WinSxS\amd64_microsoft.windows.common-controls_6595b64144ccf1df_6.0.22621.3672_none_2713b9d173822955\COMCTL32.dll
0x00007ffea1630000 - 0x00007ffea1659000 	C:\Windows\System32\GDI32.dll
0x00007ffe9fb60000 - 0x00007ffe9fc79000 	C:\Windows\System32\gdi32full.dll
0x00007ffe9f750000 - 0x00007ffe9f7ea000 	C:\Windows\System32\msvcp_win.dll
0x00007ffe88d80000 - 0x00007ffe88d8a000 	C:\Windows\SYSTEM32\VERSION.dll
0x00007ffea0230000 - 0x00007ffea0261000 	C:\Windows\System32\IMM32.DLL
0x00007ffe9a510000 - 0x00007ffe9a51c000 	C:\Program Files\Java\jdk-22\bin\vcruntime140_1.dll
0x00007ffe575b0000 - 0x00007ffe5763e000 	C:\Program Files\Java\jdk-22\bin\msvcp140.dll
0x00007ffddc1d0000 - 0x00007ffddcf17000 	C:\Program Files\Java\jdk-22\bin\server\jvm.dll
0x00007ffea0ec0000 - 0x00007ffea0f31000 	C:\Windows\System32\WS2_32.dll
0x00007ffe9ef90000 - 0x00007ffe9efdd000 	C:\Windows\SYSTEM32\POWRPROF.dll
0x00007ffe98400000 - 0x00007ffe98434000 	C:\Windows\SYSTEM32\WINMM.dll
0x00007ffe9ef10000 - 0x00007ffe9ef23000 	C:\Windows\SYSTEM32\UMPDC.dll
0x00007ffe9e760000 - 0x00007ffe9e778000 	C:\Windows\SYSTEM32\kernel.appcore.dll
0x00007ffe98a80000 - 0x00007ffe98a8a000 	C:\Program Files\Java\jdk-22\bin\jimage.dll
0x00007ffe96ce0000 - 0x00007ffe96f12000 	C:\Windows\SYSTEM32\DBGHELP.DLL
0x00007ffea0a70000 - 0x00007ffea0dfe000 	C:\Windows\System32\combase.dll
0x00007ffea19f0000 - 0x00007ffea1ac7000 	C:\Windows\System32\OLEAUT32.dll
0x00007ffe8d8f0000 - 0x00007ffe8d922000 	C:\Windows\SYSTEM32\dbgcore.DLL
0x00007ffe9fab0000 - 0x00007ffe9fb2b000 	C:\Windows\System32\bcryptPrimitives.dll
0x00007ffe5a960000 - 0x00007ffe5a99c000 	C:\Program Files\Java\jdk-22\bin\jdwp.dll
0x00007ffe768c0000 - 0x00007ffe768cf000 	C:\Program Files\Java\jdk-22\bin\instrument.dll
0x00007ffe69970000 - 0x00007ffe6998e000 	C:\Program Files\Java\jdk-22\bin\java.dll
0x00007ffea1b80000 - 0x00007ffea23e7000 	C:\Windows\System32\SHELL32.dll
0x00007ffea05b0000 - 0x00007ffea0755000 	C:\Windows\System32\ole32.dll
0x00007ffe616b0000 - 0x00007ffe616c7000 	C:\Program Files\Java\jdk-22\bin\zip.dll
0x00007ffe9d680000 - 0x00007ffe9df7f000 	C:\Windows\SYSTEM32\windows.storage.dll
0x00007ffe9d540000 - 0x00007ffe9d67f000 	C:\Windows\SYSTEM32\wintypes.dll
0x00007ffea18f0000 - 0x00007ffea19e9000 	C:\Windows\System32\SHCORE.dll
0x00007ffea0760000 - 0x00007ffea07be000 	C:\Windows\System32\shlwapi.dll
0x00007ffe9f680000 - 0x00007ffe9f6a7000 	C:\Windows\SYSTEM32\profapi.dll
0x00007ffdeb370000 - 0x00007ffdeb447000 	C:\Program Files\Java\jdk-22\bin\jsvml.dll
0x00007ffe75960000 - 0x00007ffe7596c000 	C:\Program Files\Java\jdk-22\bin\dt_socket.dll
0x00007ffe9e1d0000 - 0x00007ffe9e1fd000 	C:\Windows\SYSTEM32\IPHLPAPI.DLL
0x00007ffe9ebc0000 - 0x00007ffe9ec29000 	C:\Windows\system32\mswsock.dll
0x00007ffe82690000 - 0x00007ffe826a0000 	C:\Program Files\Java\jdk-22\bin\net.dll
0x00007ffe62af0000 - 0x00007ffe62b06000 	C:\Program Files\Java\jdk-22\bin\nio.dll
0x00007ffea0480000 - 0x00007ffea0489000 	C:\Windows\System32\NSI.dll
0x00007ffe9e200000 - 0x00007ffe9e2f8000 	C:\Windows\SYSTEM32\DNSAPI.dll
0x00007ffe97a60000 - 0x00007ffe97a6a000 	C:\Windows\System32\rasadhlp.dll
0x00007ffe98060000 - 0x00007ffe980e3000 	C:\Windows\System32\fwpuclnt.dll
0x00007ffe74410000 - 0x00007ffe7441b000 	C:\Program Files\Java\jdk-22\bin\le.dll
0x00007ffe76730000 - 0x00007ffe7673e000 	C:\Program Files\Java\jdk-22\bin\sunmscapi.dll
0x00007ffe9f7f0000 - 0x00007ffe9f956000 	C:\Windows\System32\CRYPT32.dll
0x00007ffe9f0f0000 - 0x00007ffe9f11e000 	C:\Windows\SYSTEM32\ncrypt.dll
0x00007ffe9f0b0000 - 0x00007ffe9f0e7000 	C:\Windows\SYSTEM32\NTASN1.dll
0x00007ffe9f000000 - 0x00007ffe9f01b000 	C:\Windows\SYSTEM32\CRYPTSP.dll
0x00007ffe9e6c0000 - 0x00007ffe9e6f5000 	C:\Windows\system32\rsaenh.dll
0x00007ffe9ec60000 - 0x00007ffe9ec88000 	C:\Windows\SYSTEM32\USERENV.dll
0x00007ffe9efe0000 - 0x00007ffe9efec000 	C:\Windows\SYSTEM32\CRYPTBASE.dll
0x00007ffe80170000 - 0x00007ffe8017a000 	C:\Program Files\Java\jdk-22\bin\management.dll
0x00007ffe76940000 - 0x00007ffe7694b000 	C:\Program Files\Java\jdk-22\bin\management_ext.dll
0x00007ffe70540000 - 0x00007ffe70550000 	C:\Program Files\Java\jdk-22\bin\verify.dll
0x00007ffe75a00000 - 0x00007ffe75a09000 	C:\Program Files\Java\jdk-22\bin\extnet.dll
0x00007ffe71670000 - 0x00007ffe71678000 	C:\Windows\system32\wshunix.dll

dbghelp: loaded successfully - version: 4.0.5 - missing functions: none
symbol engine: initialized successfully - sym options: 0x614 - pdb path: .;C:\Program Files\Java\jdk-22\bin;C:\Windows\SYSTEM32;C:\Program Files\Norton Security\NortonData\22.23.10.10\Definitions\IPSDefs\20240919.064;C:\Windows\WinSxS\amd64_microsoft.windows.common-controls_6595b64144ccf1df_6.0.22621.3672_none_2713b9d173822955;C:\Program Files\Java\jdk-22\bin\server

VM Arguments:
jvm_args: -agentlib:jdwp=transport=dt_socket,address=127.0.0.1:51583,suspend=y,server=n -javaagent:C:\Users\aduzo\AppData\Local\JetBrains\IdeaIC2024.1\captureAgent\debugger-agent.jar -Dfile.encoding=UTF-8 -Dsun.stdout.encoding=UTF-8 -Dsun.stderr.encoding=UTF-8 
java_command: com.codedecode.userinfo.UserInformationApplication
java_class_path (initial): C:\Users\aduzo\Documents\Software Developer\Java\Udemy\1_Build_and_deploy_end_to_end\userinfo\target\classes;C:\Users\aduzo\.m2\repository\org\springframework\boot\spring-boot-starter-data-jpa\3.3.3\spring-boot-starter-data-jpa-3.3.3.jar;C:\Users\aduzo\.m2\repository\org\springframework\boot\spring-boot-starter-aop\3.3.3\spring-boot-starter-aop-3.3.3.jar;C:\Users\aduzo\.m2\repository\org\springframework\spring-aop\6.1.12\spring-aop-6.1.12.jar;C:\Users\aduzo\.m2\repository\org\aspectj\aspectjweaver\1.9.22.1\aspectjweaver-1.9.22.1.jar;C:\Users\aduzo\.m2\repository\org\springframework\boot\spring-boot-starter-jdbc\3.3.3\spring-boot-starter-jdbc-3.3.3.jar;C:\Users\aduzo\.m2\repository\com\zaxxer\HikariCP\5.1.0\HikariCP-5.1.0.jar;C:\Users\aduzo\.m2\repository\org\springframework\spring-jdbc\6.1.12\spring-jdbc-6.1.12.jar;C:\Users\aduzo\.m2\repository\org\hibernate\orm\hibernate-core\6.5.2.Final\hibernate-core-6.5.2.Final.jar;C:\Users\aduzo\.m2\repository\jakarta\persistence\jakarta.persistence-api\3.1.0\jakarta.persistence-api-3.1.0.jar;C:\Users\aduzo\.m2\repository\jakarta\transaction\jakarta.transaction-api\2.0.1\jakarta.transaction-api-2.0.1.jar;C:\Users\aduzo\.m2\repository\org\jboss\logging\jboss-logging\3.5.3.Final\jboss-logging-3.5.3.Final.jar;C:\Users\aduzo\.m2\repository\org\hibernate\common\hibernate-commons-annotations\6.0.6.Final\hibernate-commons-annotations-6.0.6.Final.jar;C:\Users\aduzo\.m2\repository\io\smallrye\jandex\3.1.2\jandex-3.1.2.jar;C:\Users\aduzo\.m2\repository\com\fasterxml\classmate\1.7.0\classmate-1.7.0.jar;C:\Users\aduzo\.m2\repository\net\bytebuddy\byte-buddy\1.14.19\byte-buddy-1.14.19.jar;C:\Users\aduzo\.m2\repository\org\glassfish\jaxb\jaxb-runtime\4.0.5\jaxb-runtime-4.0.5.jar;C:\Users\aduzo\.m2\repository\org\glassfish\jaxb\jaxb-core\4.0.5\jaxb-core-4.0.5.jar;C:\Users\aduzo\.m2\repository\org\eclipse\angus\angus-activation\2.0.2\angus-activation-2.0.2.jar;C:\Users\aduzo\.m2\repository\org\glassfish\jaxb\txw2\4.0.5\txw2-4.0.5.jar;C:\Users\aduzo\.m2\repository\com\sun\istack\istack-commons-runtime\4.1.2\istack-commons-runtime-4.1.2.jar;C:\Users\aduzo\.m2\repository\jakarta\inject\jakarta.inject-api\2.0.1\jakarta.inject-api-2.0.1.jar;C:\Users\aduzo\.m2\repository\org\antlr\antlr4-runtime\4.13.0\antlr4-runtime-4.13.0.jar;C:\Users\aduzo\.m2\repository\org\springframework\data\spring-data-jpa\3.3.3\spring-data-jpa-3.3.3.jar;C:\Users\aduzo\.m2\repository\org\springframework\data\spring-data-commons\3.3.3\spring-data-commons-3.3.3.jar;C:\Users\aduzo\.m2\repository\org\springframework\spring-orm\6.1.12\spring-orm-6.1.12.jar;C:\Users\aduzo\.m2\repository\org\springframework\spring-context\6.1.12\spring-context-6.1.12.jar;C:\Users\aduzo\.m2\repository\org\springframework\spring-tx\6.1.12\spring-tx-6.1.12.jar;C:\Users\aduzo\.m2\repository\org\springframework\spring-beans\6.1.12\spring-beans-6.1.12.jar;C:\Users\aduzo\.m2\repository\jakarta\annotation\jakarta.annotation-api\2.1.1\jakarta.annotation-api-2.1.1.jar;C:\Users\aduzo\.m2\repository\org\slf4j\slf4j-api\2.0.16\slf4j-api-2.0.16.jar;C:\Users\aduzo\.m2\repository\org\springframework\spring-aspects\6.1.12\spring-aspects-6.1.12.jar;C:\Users\aduzo\.m2\repository\org\springframework\boot\spring-boot-starter-web\3.3.3\spring-boot-starter-web-3.3.3.jar;C:\Users\aduzo\.m2\repository\org\springframework\boot\spring-boot-starter\3.3.3\spring-boot-starter-3.3.3.jar;C:\Users\aduzo\.m2\repository\org\springframework\boot\spring-boot\3.3.3\spring-boot-3.3.3.jar;C:\Users\aduzo\.m2\repository\org\springframework\boot\spring-boot-autoconfigure\3.3.3\spring-boot-autoconfigure-3.3.3.jar;C:\Users\aduzo\.m2\repository\org\springframework\boot\spring-boot-starter-logging\3.3.3\spring-boot-starter-logging-3.3.3.jar;C:\Users\aduzo\.m2\repository\ch\qos\logback\logback-classic\1.5.7\logback-classic-1.5.7.jar;C:\Users\aduzo\.m2\repository\ch\qos\logback\logback-core\1.5.7\logback-core-1.5.7.jar;C:\Users\aduzo\.m2\repository\org\apache\logging\log4j\log4j-to-slf4j\2.23.1\log4j-to-slf4j-2.23.1.jar;C:\Users\aduzo\.m2\repository\org\apache\logging\log4j\log4j-api\2.23.1\log4j-api-2.23.1.jar;C:\Users\aduzo\.m2\repository\org\slf4j\jul-to-slf4j\2.0.16\jul-to-slf4j-2.0.16.jar;C:\Users\aduzo\.m2\repository\org\yaml\snakeyaml\2.2\snakeyaml-2.2.jar;C:\Users\aduzo\.m2\repository\org\springframework\boot\spring-boot-starter-json\3.3.3\spring-boot-starter-json-3.3.3.jar;C:\Users\aduzo\.m2\repository\com\fasterxml\jackson\core\jackson-databind\2.17.2\jackson-databind-2.17.2.jar;C:\Users\aduzo\.m2\repository\com\fasterxml\jackson\datatype\jackson-datatype-jdk8\2.17.2\jackson-datatype-jdk8-2.17.2.jar;C:\Users\aduzo\.m2\repository\com\fasterxml\jackson\datatype\jackson-datatype-jsr310\2.17.2\jackson-datatype-jsr310-2.17.2.jar;C:\Users\aduzo\.m2\repository\com\fasterxml\jackson\module\jackson-module-parameter-names\2.17.2\jackson-module-parameter-names-2.17.2.jar;C:\Users\aduzo\.m2\repository\org\springframework\boot\spring-boot-starter-tomcat\3.3.3\spring-boot-starter-tomcat-3.3.3.jar;C:\Users\aduzo\.m2\repository\org\apache\tomcat\embed\tomcat-embed-core\10.1.28\tomcat-embed-core-10.1.28.jar;C:\Users\aduzo\.m2\repository\org\apache\tomcat\embed\tomcat-embed-el\10.1.28\tomcat-embed-el-10.1.28.jar;C:\Users\aduzo\.m2\repository\org\apache\tomcat\embed\tomcat-embed-websocket\10.1.28\tomcat-embed-websocket-10.1.28.jar;C:\Users\aduzo\.m2\repository\org\springframework\spring-web\6.1.12\spring-web-6.1.12.jar;C:\Users\aduzo\.m2\repository\io\micrometer\micrometer-observation\1.13.3\micrometer-observation-1.13.3.jar;C:\Users\aduzo\.m2\repository\io\micrometer\micrometer-commons\1.13.3\micrometer-commons-1.13.3.jar;C:\Users\aduzo\.m2\repository\org\springframework\spring-webmvc\6.1.12\spring-webmvc-6.1.12.jar;C:\Users\aduzo\.m2\repository\org\springframework\spring-expression\6.1.12\spring-expression-6.1.12.jar;C:\Users\aduzo\.m2\repository\org\springframework\cloud\spring-cloud-starter-netflix-eureka-client\4.1.3\spring-cloud-starter-netflix-eureka-client-4.1.3.jar;C:\Users\aduzo\.m2\repository\org\springframework\cloud\spring-cloud-starter\4.1.4\spring-cloud-starter-4.1.4.jar;C:\Users\aduzo\.m2\repository\org\springframework\cloud\spring-cloud-context\4.1.4\spring-cloud-context-4.1.4.jar;C:\Users\aduzo\.m2\repository\org\springframework\security\spring-security-crypto\6.3.3\spring-security-crypto-6.3.3.jar;C:\Users\aduzo\.m2\repository\org\springframework\cloud\spring-cloud-commons\4.1.4\spring-cloud-commons-4.1.4.jar;C:\Users\aduzo\.m2\repository\org\springframework\security\spring-security-rsa\1.1.3\spring-security-rsa-1.1.3.jar;C:\Users\aduzo\.m2\repository\org\bouncycastle\bcprov-jdk18on\1.78\bcprov-jdk18on-1.78.jar;C:\Users\aduzo\.m2\repository\org\springframework\cloud\spring-cloud-netflix-eureka-client\4.1.3\spring-cloud-netflix-eureka-client-4.1.3.jar;C:\Users\aduzo\.m2\repository\org\apache\httpcomponents\client5\httpclient5\5.3.1\httpclient5-5.3.1.jar;C:\Users\aduzo\.m2\repository\org\apache\httpcomponents\core5\httpcore5\5.2.5\httpcore5-5.2.5.jar;C:\Users\aduzo\.m2\repository\org\apache\httpcomponents\core5\httpcore5-h2\5.2.5\httpcore5-h2-5.2.5.jar;C:\Users\aduzo\.m2\repository\com\netflix\eureka\eureka-client\2.0.3\eureka-client-2.0.3.jar;C:\Users\aduzo\.m2\repository\com\thoughtworks\xstream\xstream\1.4.20\xstream-1.4.20.jar;C:\Users\aduzo\.m2\repository\io\github\x-stream\mxparser\1.2.2\mxparser-1.2.2.jar;C:\Users\aduzo\.m2\repository\xmlpull\xmlpull\1.1.3.1\xmlpull-1.1.3.1.jar;C:\Users\aduzo\.m2\repository\jakarta\ws\rs\jakarta.ws.rs-api\3.1.0\jakarta.ws.rs-api-3.1.0.jar;C:\Users\aduzo\.m2\repository\com\netflix\spectator\spectator-api\1.7.3\spectator-api-1.7.3.jar;C:\Users\aduzo\.m2\repository\org\apache\httpcomponents\httpclient\4.5.3\httpclient-4.5.3.jar;C:\Users\aduzo\.m2\repository\org\apache\httpcomponents\httpcore\4.4.16\httpcore-4.4.16.jar;C:\Users\aduzo\.m2\repository\commons-codec\commons-codec\1.16.1\commons-codec-1.16.1.jar;C:\Users\aduzo\.m2\repository\commons-configuration\commons-configuration\1.10\commons-configuration-1.10.jar;C:\Users\aduzo\.m2\repository\commons-lang\commons-lang\2.6\commons-lang-2.6.jar;C:\Users\aduzo\.m2\repository\com\fasterxml\jackson\core\jackson-annotations\2.17.2\jackson-annotations-2.17.2.jar;C:\Users\aduzo\.m2\repository\com\fasterxml\jackson\core\jackson-core\2.17.2\jackson-core-2.17.2.jar;C:\Users\aduzo\.m2\repository\com\netflix\netflix-commons\netflix-eventbus\0.3.0\netflix-eventbus-0.3.0.jar;C:\Users\aduzo\.m2\repository\com\netflix\netflix-commons\netflix-infix\0.3.0\netflix-infix-0.3.0.jar;C:\Users\aduzo\.m2\repository\commons-jxpath\commons-jxpath\1.3\commons-jxpath-1.3.jar;C:\Users\aduzo\.m2\repository\joda-time\joda-time\2.3\joda-time-2.3.jar;C:\Users\aduzo\.m2\repository\org\antlr\antlr-runtime\3.4\antlr-runtime-3.4.jar;C:\Users\aduzo\.m2\repository\org\antlr\stringtemplate\3.2.1\stringtemplate-3.2.1.jar;C:\Users\aduzo\.m2\repository\antlr\antlr\2.7.7\antlr-2.7.7.jar;C:\Users\aduzo\.m2\repository\com\google\code\gson\gson\2.10.1\gson-2.10.1.jar;C:\Users\aduzo\.m2\repository\com\netflix\servo\servo-core\0.5.3\servo-core-0.5.3.jar;C:\Users\aduzo\.m2\repository\org\apache\commons\commons-math\2.2\commons-math-2.2.jar;C:\Users\aduzo\.m2\repository\javax\annotation\javax.annotation-api\1.2\javax.annotation-api-1.2.jar;C:\Users\aduzo\.m2\repository\org\codehaus\jettison\jettison\1.5.4\jettison-1.5.4.jar;C:\Users\aduzo\.m2\repository\com\netflix\eureka\eureka-core\2.0.3\eureka-core-2.0.3.jar;C:\Users\aduzo\.m2\repository\com\fasterxml\woodstox\woodstox-core\6.2.1\woodstox-core-6.2.1.jar;C:\Users\aduzo\.m2\repository\org\codehaus\woodstox\stax2-api\4.2.1\stax2-api-4.2.1.jar;C:\Users\aduzo\.m2\repository\com\google\guava\guava\33.0.0-jre\guava-33.0.0-jre.jar;C:\Users\aduzo\.m2\repository\com\google\guava\failureaccess\1.0.2\failureaccess-1.0.2.jar;C:\Users\aduzo\.m2\repository\com\google\guava\listenablefuture\9999.0-empty-to-avoid-conflict-with-guava\listenablefuture-9999.0-empty-to-avoid-conflict-with-guava.jar;C:\Users\aduzo\.m2\repository\org\checkerframework\checker-qual\3.41.0\checker-qual-3.41.0.jar;C:\Users\aduzo\.m2\repository\com\google\errorprone\error_prone_annotations\2.23.0\error_prone_annotations-2.23.0.jar;C:\Users\aduzo\.m2\repository\com\google\j2objc\j2objc-annotations\2.8\j2objc-annotations-2.8.jar;C:\Users\aduzo\.m2\repository\org\springframework\cloud\spring-cloud-starter-loadbalancer\4.1.4\spring-cloud-starter-loadbalancer-4.1.4.jar;C:\Users\aduzo\.m2\repository\org\springframework\cloud\spring-cloud-loadbalancer\4.1.4\spring-cloud-loadbalancer-4.1.4.jar;C:\Users\aduzo\.m2\repository\io\projectreactor\reactor-core\3.6.9\reactor-core-3.6.9.jar;C:\Users\aduzo\.m2\repository\org\reactivestreams\reactive-streams\1.0.4\reactive-streams-1.0.4.jar;C:\Users\aduzo\.m2\repository\io\projectreactor\addons\reactor-extra\3.5.2\reactor-extra-3.5.2.jar;C:\Users\aduzo\.m2\repository\org\springframework\boot\spring-boot-starter-cache\3.3.3\spring-boot-starter-cache-3.3.3.jar;C:\Users\aduzo\.m2\repository\org\springframework\spring-context-support\6.1.12\spring-context-support-6.1.12.jar;C:\Users\aduzo\.m2\repository\com\stoyanr\evictor\1.0.0\evictor-1.0.0.jar;C:\Users\aduzo\.m2\repository\com\mysql\mysql-connector-j\8.3.0\mysql-connector-j-8.3.0.jar;C:\Users\aduzo\.m2\repository\org\projectlombok\lombok\1.18.34\lombok-1.18.34.jar;C:\Users\aduzo\.m2\repository\org\mapstruct\mapstruct\1.5.5.Final\mapstruct-1.5.5.Final.jar;C:\Users\aduzo\.m2\repository\jakarta\xml\bind\jakarta.xml.bind-api\4.0.2\jakarta.xml.bind-api-4.0.2.jar;C:\Users\aduzo\.m2\repository\jakarta\activation\jakarta.activation-api\2.1.3\jakarta.activation-api-2.1.3.jar;C:\Users\aduzo\.m2\repository\org\springframework\spring-core\6.1.12\spring-core-6.1.12.jar;C:\Users\aduzo\.m2\repository\org\springframework\spring-jcl\6.1.12\spring-jcl-6.1.12.jar;C:\Program Files\JetBrains\IntelliJ IDEA Community Edition 2024.1.4\lib\idea_rt.jar
Launcher Type: SUN_STANDARD

[Global flags]
     intx CICompilerCount                          = 4                                         {product} {ergonomic}
     uint ConcGCThreads                            = 3                                         {product} {ergonomic}
     uint G1ConcRefinementThreads                  = 10                                        {product} {ergonomic}
   size_t G1HeapRegionSize                         = 1048576                                   {product} {ergonomic}
   size_t InitialHeapSize                          = 130023424                                 {product} {ergonomic}
   size_t MarkStackSize                            = 4194304                                   {product} {ergonomic}
   size_t MaxHeapSize                              = 2076180480                                {product} {ergonomic}
   size_t MaxNewSize                               = 1245708288                                {product} {ergonomic}
   size_t MinHeapDeltaBytes                        = 1048576                                   {product} {ergonomic}
   size_t MinHeapSize                              = 8388608                                   {product} {ergonomic}
    uintx NonNMethodCodeHeapSize                   = 5839372                                {pd product} {ergonomic}
    uintx NonProfiledCodeHeapSize                  = 122909434                              {pd product} {ergonomic}
    uintx ProfiledCodeHeapSize                     = 122909434                              {pd product} {ergonomic}
    uintx ReservedCodeCacheSize                    = 251658240                              {pd product} {ergonomic}
     bool SegmentedCodeCache                       = true                                      {product} {ergonomic}
   size_t SoftMaxHeapSize                          = 2076180480                             {manageable} {ergonomic}
     bool UseCompressedOops                        = true                           {product lp64_product} {ergonomic}
     bool UseG1GC                                  = true                                      {product} {ergonomic}
     bool UseLargePagesIndividualAllocation        = false                                  {pd product} {ergonomic}

Logging:
Log output configuration:
 #0: stdout all=warning uptime,level,tags foldmultilines=false
 #1: stderr all=off uptime,level,tags foldmultilines=false

Environment Variables:
PATH=C:\Program Files\Common Files\Oracle\Java\javapath;C:\Windows\system32;C:\Windows;C:\Windows\System32\Wbem;C:\Windows\System32\WindowsPowerShell\v1.0\;C:\Windows\System32\OpenSSH\;C:\Program Files\Git\cmd;C:\Program Files\nodejs\;C:\Program Files\Docker\Docker\resources\bin;C:\Vault;C:\Program Files\Amazon\AWSCLIV2\;C:\Program Files\Rancher Desktop\resources\resources\win32\bin\;C:\Program Files\Rancher Desktop\resources\resources\linux\bin\;C:\ProgramData\chocolatey\bin;C:\Users\aduzo\AppData\Local\Programs\Python\Launcher\;C:\Users\aduzo\AppData\Local\Programs\Microsoft VS Code\bin;C:\Users\aduzo\AppData\Roaming\npm;C:\Users\aduzo\AppData\Local\Programs\Python\Python312\;C:\Users\aduzo\AppData\Local\Programs\Python\Python312\Scripts\;C:\Users\aduzo\AppData\Local\Microsoft\WindowsApps;C:\Program Files\Amazon\AWSCLIV2\aws.exe;C:\ProgramData\chocolatey\bin;C:\ProgramData\chocolatey\bin;C:\Program Files\Apache\apache-maven-3.9.9\bin;C:\Program Files\MongoDB\Server\7.0\bin;C:\Users\aduzo\AppData\Local\Programs\Python\Launcher\;C:\Users\aduzo\AppData\Local\Programs\Microsoft VS Code\bin;C:\Users\aduzo\AppData\Roaming\npm;C:\Users\aduzo\AppData\Local\Programs\Python\Python312\;C:\Users\aduzo\AppData\Local\Programs\Python\Python312\Scripts\;C:\Users\aduzo\AppData\Local\Microsoft\WindowsApps;C:\Program Files\Amazon\AWSCLIV2\aws.exe;;C:\Program Files\JetBrains\IntelliJ IDEA Community Edition 2024.1.4\bin;
USERNAME=aduzo
OS=Windows_NT
PROCESSOR_IDENTIFIER=Intel64 Family 6 Model 154 Stepping 4, GenuineIntel
TMP=C:\Users\aduzo\AppData\Local\Temp
TEMP=C:\Users\aduzo\AppData\Local\Temp




Periodic native trim disabled

---------------  S Y S T E M  ---------------

OS:
 Windows 11 , 64 bit Build 22621 (10.0.22621.3958)
OS uptime: 4 days 8:05 hours
Hyper-V role detected

CPU: total 12 (initial active 12) (6 cores per cpu, 2 threads per core) family 6 model 154 stepping 4 microcode 0x41f, cx8, cmov, fxsr, ht, mmx, 3dnowpref, sse, sse2, sse3, ssse3, sse4.1, sse4.2, popcnt, lzcnt, tsc, tscinvbit, avx, avx2, aes, erms, clmul, bmi1, bmi2, adx, sha, fma, vzeroupper, clflush, clflushopt, clwb, hv, serialize, rdtscp, rdpid, fsrm, f16c, cet_ibt, cet_ss
Processor Information for processor 0
  Max Mhz: 1300, Current Mhz: 1300, Mhz Limit: 1300
Processor Information for processor 1
  Max Mhz: 1300, Current Mhz: 1300, Mhz Limit: 1300
Processor Information for processor 2
  Max Mhz: 1300, Current Mhz: 1300, Mhz Limit: 1300
Processor Information for processor 3
  Max Mhz: 1300, Current Mhz: 1300, Mhz Limit: 1300
Processor Information for processor 4
  Max Mhz: 900, Current Mhz: 900, Mhz Limit: 900
Processor Information for processor 5
  Max Mhz: 900, Current Mhz: 900, Mhz Limit: 900
Processor Information for processor 6
  Max Mhz: 900, Current Mhz: 900, Mhz Limit: 900
Processor Information for processor 7
  Max Mhz: 900, Current Mhz: 900, Mhz Limit: 900
Processor Information for processor 8
  Max Mhz: 900, Current Mhz: 900, Mhz Limit: 900
Processor Information for processor 9
  Max Mhz: 900, Current Mhz: 900, Mhz Limit: 900
Processor Information for processor 10
  Max Mhz: 900, Current Mhz: 900, Mhz Limit: 900
Processor Information for processor 11
  Max Mhz: 900, Current Mhz: 900, Mhz Limit: 900

Memory: 4k page, system-wide physical 7916M (267M free)
TotalPageFile size 32492M (AvailPageFile size 5M)
current process WorkingSet (physical memory assigned to process): 282M, peak: 301M
current process commit charge ("private bytes"): 325M, peak: 342M

vm_info: Java HotSpot(TM) 64-Bit Server VM (22.0.1+8-16) for windows-amd64 JRE (22.0.1+8-16), built on 2024-03-12T10:33:16Z by "mach5one" with MS VC++ 17.6 (VS2022)

END.
